2024-09-16 13:26:21,140 DEBUG    root            Loaded Command Group: ['gcloud', 'components']
2024-09-16 13:26:21,145 DEBUG    root            Loaded Command Group: ['gcloud', 'components', 'update']
2024-09-16 13:26:21,148 DEBUG    root            Running [gcloud.components.update] with arguments: [--compile-python: "True", --quiet: "True", COMPONENT-IDS:6: "['core', 'gcloud-deps', 'bq', 'gcloud', 'gcloud-crc32c', 'gsutil']"]
2024-09-16 13:26:21,149 INFO     ___FILE_ONLY___ Beginning update. This process may take several minutes.

2024-09-16 13:26:21,193 DEBUG    urllib3.connectionpool Starting new HTTPS connection (1): dl.google.com:443
2024-09-16 13:26:21,334 DEBUG    urllib3.connectionpool https://dl.google.com:443 "GET /dl/cloudsdk/channels/rapid/components-2.json HTTP/1.1" 200 227002
2024-09-16 13:26:21,354 INFO     ___FILE_ONLY___ 

2024-09-16 13:26:21,355 INFO     ___FILE_ONLY___ 
Your current Google Cloud CLI version is: 492.0.0

2024-09-16 13:26:21,355 INFO     ___FILE_ONLY___ Installing components from version: 492.0.0

2024-09-16 13:26:21,355 INFO     ___FILE_ONLY___ 

2024-09-16 13:26:21,355 DEBUG    root            Chosen display Format:table[box,title="These components will be removed."](details.display_name:label=Name:align=left,version.version_string:label=Version:align=right,data.size.size(zero="",min=1048576):label=Size:align=right)
2024-09-16 13:26:21,356 DEBUG    root            Chosen display Format:table[box,title="These components will be updated."](details.display_name:label=Name:align=left,version.version_string:label=Version:align=right,data.size.size(zero="",min=1048576):label=Size:align=right)
2024-09-16 13:26:21,357 DEBUG    root            Chosen display Format:table[box,title="These components will be installed."](details.display_name:label=Name:align=left,version.version_string:label=Version:align=right,data.size.size(zero="",min=1048576):label=Size:align=right)
2024-09-16 13:26:21,405 INFO     ___FILE_ONLY___ ┌─────────────────────────────────────────────────────────────────────────────┐
2024-09-16 13:26:21,405 INFO     ___FILE_ONLY___ 

2024-09-16 13:26:21,405 INFO     ___FILE_ONLY___ │                     These components will be installed.                     │
2024-09-16 13:26:21,405 INFO     ___FILE_ONLY___ 

2024-09-16 13:26:21,405 INFO     ___FILE_ONLY___ ├─────────────────────────────────────────────────────┬────────────┬──────────┤
2024-09-16 13:26:21,405 INFO     ___FILE_ONLY___ 

2024-09-16 13:26:21,405 INFO     ___FILE_ONLY___ │                         Name                        │  Version   │   Size   │
2024-09-16 13:26:21,405 INFO     ___FILE_ONLY___ 

2024-09-16 13:26:21,405 INFO     ___FILE_ONLY___ ├─────────────────────────────────────────────────────┼────────────┼──────────┤
2024-09-16 13:26:21,405 INFO     ___FILE_ONLY___ 

2024-09-16 13:26:21,405 INFO     ___FILE_ONLY___ │ 
2024-09-16 13:26:21,406 INFO     ___FILE_ONLY___ BigQuery Command Line Tool                         
2024-09-16 13:26:21,406 INFO     ___FILE_ONLY___  
2024-09-16 13:26:21,406 INFO     ___FILE_ONLY___ │ 
2024-09-16 13:26:21,406 INFO     ___FILE_ONLY___      2.1.8
2024-09-16 13:26:21,406 INFO     ___FILE_ONLY___  
2024-09-16 13:26:21,406 INFO     ___FILE_ONLY___ │ 
2024-09-16 13:26:21,406 INFO     ___FILE_ONLY___  1.7 MiB
2024-09-16 13:26:21,406 INFO     ___FILE_ONLY___  
2024-09-16 13:26:21,406 INFO     ___FILE_ONLY___ │
2024-09-16 13:26:21,406 INFO     ___FILE_ONLY___ 

2024-09-16 13:26:21,406 INFO     ___FILE_ONLY___ │ 
2024-09-16 13:26:21,406 INFO     ___FILE_ONLY___ BigQuery Command Line Tool (Platform Specific)     
2024-09-16 13:26:21,406 INFO     ___FILE_ONLY___  
2024-09-16 13:26:21,406 INFO     ___FILE_ONLY___ │ 
2024-09-16 13:26:21,407 INFO     ___FILE_ONLY___      2.1.8
2024-09-16 13:26:21,407 INFO     ___FILE_ONLY___  
2024-09-16 13:26:21,407 INFO     ___FILE_ONLY___ │ 
2024-09-16 13:26:21,407 INFO     ___FILE_ONLY___  < 1 MiB
2024-09-16 13:26:21,407 INFO     ___FILE_ONLY___  
2024-09-16 13:26:21,407 INFO     ___FILE_ONLY___ │
2024-09-16 13:26:21,407 INFO     ___FILE_ONLY___ 

2024-09-16 13:26:21,407 INFO     ___FILE_ONLY___ │ 
2024-09-16 13:26:21,407 INFO     ___FILE_ONLY___ Bundled Python 3.11 (Platform Specific)            
2024-09-16 13:26:21,407 INFO     ___FILE_ONLY___  
2024-09-16 13:26:21,407 INFO     ___FILE_ONLY___ │ 
2024-09-16 13:26:21,407 INFO     ___FILE_ONLY___     3.11.9
2024-09-16 13:26:21,407 INFO     ___FILE_ONLY___  
2024-09-16 13:26:21,407 INFO     ___FILE_ONLY___ │ 
2024-09-16 13:26:21,408 INFO     ___FILE_ONLY___ 74.2 MiB
2024-09-16 13:26:21,408 INFO     ___FILE_ONLY___  
2024-09-16 13:26:21,408 INFO     ___FILE_ONLY___ │
2024-09-16 13:26:21,408 INFO     ___FILE_ONLY___ 

2024-09-16 13:26:21,408 INFO     ___FILE_ONLY___ │ 
2024-09-16 13:26:21,408 INFO     ___FILE_ONLY___ Cloud Storage Command Line Tool                    
2024-09-16 13:26:21,408 INFO     ___FILE_ONLY___  
2024-09-16 13:26:21,408 INFO     ___FILE_ONLY___ │ 
2024-09-16 13:26:21,408 INFO     ___FILE_ONLY___       5.30
2024-09-16 13:26:21,408 INFO     ___FILE_ONLY___  
2024-09-16 13:26:21,408 INFO     ___FILE_ONLY___ │ 
2024-09-16 13:26:21,408 INFO     ___FILE_ONLY___ 11.3 MiB
2024-09-16 13:26:21,408 INFO     ___FILE_ONLY___  
2024-09-16 13:26:21,408 INFO     ___FILE_ONLY___ │
2024-09-16 13:26:21,409 INFO     ___FILE_ONLY___ 

2024-09-16 13:26:21,409 INFO     ___FILE_ONLY___ │ 
2024-09-16 13:26:21,409 INFO     ___FILE_ONLY___ Cloud Storage Command Line Tool (Platform Specific)
2024-09-16 13:26:21,409 INFO     ___FILE_ONLY___  
2024-09-16 13:26:21,409 INFO     ___FILE_ONLY___ │ 
2024-09-16 13:26:21,409 INFO     ___FILE_ONLY___       5.30
2024-09-16 13:26:21,409 INFO     ___FILE_ONLY___  
2024-09-16 13:26:21,409 INFO     ___FILE_ONLY___ │ 
2024-09-16 13:26:21,409 INFO     ___FILE_ONLY___  < 1 MiB
2024-09-16 13:26:21,409 INFO     ___FILE_ONLY___  
2024-09-16 13:26:21,409 INFO     ___FILE_ONLY___ │
2024-09-16 13:26:21,409 INFO     ___FILE_ONLY___ 

2024-09-16 13:26:21,409 INFO     ___FILE_ONLY___ │ 
2024-09-16 13:26:21,409 INFO     ___FILE_ONLY___ Google Cloud CLI Core Libraries (Platform Specific)
2024-09-16 13:26:21,409 INFO     ___FILE_ONLY___  
2024-09-16 13:26:21,410 INFO     ___FILE_ONLY___ │ 
2024-09-16 13:26:21,410 INFO     ___FILE_ONLY___ 2024.08.30
2024-09-16 13:26:21,410 INFO     ___FILE_ONLY___  
2024-09-16 13:26:21,410 INFO     ___FILE_ONLY___ │ 
2024-09-16 13:26:21,410 INFO     ___FILE_ONLY___  < 1 MiB
2024-09-16 13:26:21,410 INFO     ___FILE_ONLY___  
2024-09-16 13:26:21,410 INFO     ___FILE_ONLY___ │
2024-09-16 13:26:21,410 INFO     ___FILE_ONLY___ 

2024-09-16 13:26:21,410 INFO     ___FILE_ONLY___ │ 
2024-09-16 13:26:21,410 INFO     ___FILE_ONLY___ Google Cloud CRC32C Hash Tool (Platform Specific)  
2024-09-16 13:26:21,410 INFO     ___FILE_ONLY___  
2024-09-16 13:26:21,410 INFO     ___FILE_ONLY___ │ 
2024-09-16 13:26:21,411 INFO     ___FILE_ONLY___      1.0.0
2024-09-16 13:26:21,411 INFO     ___FILE_ONLY___  
2024-09-16 13:26:21,411 INFO     ___FILE_ONLY___ │ 
2024-09-16 13:26:21,411 INFO     ___FILE_ONLY___  1.3 MiB
2024-09-16 13:26:21,411 INFO     ___FILE_ONLY___  
2024-09-16 13:26:21,411 INFO     ___FILE_ONLY___ │
2024-09-16 13:26:21,411 INFO     ___FILE_ONLY___ 

2024-09-16 13:26:21,411 INFO     ___FILE_ONLY___ │ 
2024-09-16 13:26:21,411 INFO     ___FILE_ONLY___ gcloud cli dependencies (Platform Specific)        
2024-09-16 13:26:21,411 INFO     ___FILE_ONLY___  
2024-09-16 13:26:21,411 INFO     ___FILE_ONLY___ │ 
2024-09-16 13:26:21,411 INFO     ___FILE_ONLY___ 2021.04.16
2024-09-16 13:26:21,411 INFO     ___FILE_ONLY___  
2024-09-16 13:26:21,411 INFO     ___FILE_ONLY___ │ 
2024-09-16 13:26:21,412 INFO     ___FILE_ONLY___  < 1 MiB
2024-09-16 13:26:21,412 INFO     ___FILE_ONLY___  
2024-09-16 13:26:21,412 INFO     ___FILE_ONLY___ │
2024-09-16 13:26:21,412 INFO     ___FILE_ONLY___ 

2024-09-16 13:26:21,412 INFO     ___FILE_ONLY___ └─────────────────────────────────────────────────────┴────────────┴──────────┘
2024-09-16 13:26:21,412 INFO     ___FILE_ONLY___ 

2024-09-16 13:26:21,412 INFO     ___FILE_ONLY___ 

2024-09-16 13:26:21,416 DEBUG    urllib3.connectionpool Starting new HTTPS connection (1): dl.google.com:443
2024-09-16 13:26:21,548 DEBUG    urllib3.connectionpool https://dl.google.com:443 "GET /dl/cloudsdk/channels/rapid/RELEASE_NOTES HTTP/1.1" 200 1268805
2024-09-16 13:26:21,629 INFO     ___FILE_ONLY___ For the latest full release notes, please visit:
  https://cloud.google.com/sdk/release_notes


2024-09-16 13:26:21,629 INFO     ___FILE_ONLY___ Performing in place update...


2024-09-16 13:26:21,632 INFO     ___FILE_ONLY___ ╔════════════════════════════════════════════════════════════╗

2024-09-16 13:26:21,632 INFO     ___FILE_ONLY___ ╠═ Downloading: BigQuery Command Line Tool                  ═╣

2024-09-16 13:26:21,632 INFO     ___FILE_ONLY___ ╚
2024-09-16 13:26:21,636 DEBUG    urllib3.connectionpool Starting new HTTPS connection (1): dl.google.com:443
2024-09-16 13:26:21,768 DEBUG    urllib3.connectionpool https://dl.google.com:443 "GET /dl/cloudsdk/channels/rapid/components/google-cloud-sdk-bq-20240816183020.tar.gz HTTP/1.1" 200 1818208
2024-09-16 13:26:21,782 INFO     ___FILE_ONLY___ ═
2024-09-16 13:26:21,782 INFO     ___FILE_ONLY___ ═
2024-09-16 13:26:21,782 INFO     ___FILE_ONLY___ ═
2024-09-16 13:26:21,782 INFO     ___FILE_ONLY___ ═
2024-09-16 13:26:21,782 INFO     ___FILE_ONLY___ ═
2024-09-16 13:26:21,782 INFO     ___FILE_ONLY___ ═
2024-09-16 13:26:21,783 INFO     ___FILE_ONLY___ ═
2024-09-16 13:26:21,783 INFO     ___FILE_ONLY___ ═
2024-09-16 13:26:21,783 INFO     ___FILE_ONLY___ ═
2024-09-16 13:26:21,783 INFO     ___FILE_ONLY___ ═
2024-09-16 13:26:21,783 INFO     ___FILE_ONLY___ ═
2024-09-16 13:26:21,783 INFO     ___FILE_ONLY___ ═
2024-09-16 13:26:21,783 INFO     ___FILE_ONLY___ ═
2024-09-16 13:26:21,783 INFO     ___FILE_ONLY___ ═
2024-09-16 13:26:21,783 INFO     ___FILE_ONLY___ ═
2024-09-16 13:26:21,784 INFO     ___FILE_ONLY___ ═
2024-09-16 13:26:21,784 INFO     ___FILE_ONLY___ ═
2024-09-16 13:26:21,784 INFO     ___FILE_ONLY___ ═
2024-09-16 13:26:21,784 INFO     ___FILE_ONLY___ ═
2024-09-16 13:26:21,784 INFO     ___FILE_ONLY___ ═
2024-09-16 13:26:21,784 INFO     ___FILE_ONLY___ ═
2024-09-16 13:26:21,784 INFO     ___FILE_ONLY___ ═
2024-09-16 13:26:21,784 INFO     ___FILE_ONLY___ ═
2024-09-16 13:26:21,785 INFO     ___FILE_ONLY___ ═
2024-09-16 13:26:21,785 INFO     ___FILE_ONLY___ ═
2024-09-16 13:26:21,785 INFO     ___FILE_ONLY___ ═
2024-09-16 13:26:21,785 INFO     ___FILE_ONLY___ ═
2024-09-16 13:26:21,785 INFO     ___FILE_ONLY___ ═
2024-09-16 13:26:21,785 INFO     ___FILE_ONLY___ ═
2024-09-16 13:26:21,785 INFO     ___FILE_ONLY___ ═
2024-09-16 13:26:21,785 INFO     ___FILE_ONLY___ ═
2024-09-16 13:26:21,785 INFO     ___FILE_ONLY___ ═
2024-09-16 13:26:21,786 INFO     ___FILE_ONLY___ ═
2024-09-16 13:26:21,786 INFO     ___FILE_ONLY___ ═
2024-09-16 13:26:21,786 INFO     ___FILE_ONLY___ ═
2024-09-16 13:26:21,786 INFO     ___FILE_ONLY___ ═
2024-09-16 13:26:21,786 INFO     ___FILE_ONLY___ ═
2024-09-16 13:26:21,786 INFO     ___FILE_ONLY___ ═
2024-09-16 13:26:21,786 INFO     ___FILE_ONLY___ ═
2024-09-16 13:26:21,786 INFO     ___FILE_ONLY___ ═
2024-09-16 13:26:21,787 INFO     ___FILE_ONLY___ ═
2024-09-16 13:26:21,787 INFO     ___FILE_ONLY___ ═
2024-09-16 13:26:21,787 INFO     ___FILE_ONLY___ ═
2024-09-16 13:26:21,787 INFO     ___FILE_ONLY___ ═
2024-09-16 13:26:21,787 INFO     ___FILE_ONLY___ ═
2024-09-16 13:26:21,787 INFO     ___FILE_ONLY___ ═
2024-09-16 13:26:21,787 INFO     ___FILE_ONLY___ ═
2024-09-16 13:26:21,787 INFO     ___FILE_ONLY___ ═
2024-09-16 13:26:21,788 INFO     ___FILE_ONLY___ ═
2024-09-16 13:26:21,788 INFO     ___FILE_ONLY___ ═
2024-09-16 13:26:21,788 INFO     ___FILE_ONLY___ ═
2024-09-16 13:26:21,788 INFO     ___FILE_ONLY___ ═
2024-09-16 13:26:21,788 INFO     ___FILE_ONLY___ ═
2024-09-16 13:26:21,788 INFO     ___FILE_ONLY___ ═
2024-09-16 13:26:21,788 INFO     ___FILE_ONLY___ ═
2024-09-16 13:26:21,788 INFO     ___FILE_ONLY___ ═
2024-09-16 13:26:21,788 INFO     ___FILE_ONLY___ ═
2024-09-16 13:26:21,789 INFO     ___FILE_ONLY___ ═
2024-09-16 13:26:21,789 INFO     ___FILE_ONLY___ ═
2024-09-16 13:26:21,789 INFO     ___FILE_ONLY___ ═
2024-09-16 13:26:21,789 INFO     ___FILE_ONLY___ ╝

2024-09-16 13:26:21,791 INFO     ___FILE_ONLY___ ╔════════════════════════════════════════════════════════════╗

2024-09-16 13:26:21,791 INFO     ___FILE_ONLY___ ╠═ Downloading: BigQuery Command Line Tool (Platform Spe... ═╣

2024-09-16 13:26:21,791 INFO     ___FILE_ONLY___ ╚
2024-09-16 13:26:21,795 DEBUG    urllib3.connectionpool Starting new HTTPS connection (1): dl.google.com:443
2024-09-16 13:26:21,937 DEBUG    urllib3.connectionpool https://dl.google.com:443 "GET /dl/cloudsdk/channels/rapid/components/google-cloud-sdk-bq-nix-20240830134514.tar.gz HTTP/1.1" 200 1914
2024-09-16 13:26:21,938 INFO     ___FILE_ONLY___ ════════════════════════════════════════════════════════════
2024-09-16 13:26:21,938 INFO     ___FILE_ONLY___ ╝

2024-09-16 13:26:21,941 INFO     ___FILE_ONLY___ ╔════════════════════════════════════════════════════════════╗

2024-09-16 13:26:21,941 INFO     ___FILE_ONLY___ ╠═ Downloading: Bundled Python 3.11                         ═╣

2024-09-16 13:26:21,941 INFO     ___FILE_ONLY___ ╚
2024-09-16 13:26:21,941 INFO     ___FILE_ONLY___ ════════════════════════════════════════════════════════════
2024-09-16 13:26:21,941 INFO     ___FILE_ONLY___ ╝

2024-09-16 13:26:21,943 INFO     ___FILE_ONLY___ ╔════════════════════════════════════════════════════════════╗

2024-09-16 13:26:21,943 INFO     ___FILE_ONLY___ ╠═ Downloading: Bundled Python 3.11 (Platform Specific)     ═╣

2024-09-16 13:26:21,944 INFO     ___FILE_ONLY___ ╚
2024-09-16 13:26:21,947 DEBUG    urllib3.connectionpool Starting new HTTPS connection (1): dl.google.com:443
2024-09-16 13:26:22,098 DEBUG    urllib3.connectionpool https://dl.google.com:443 "GET /dl/cloudsdk/channels/rapid/components/google-cloud-sdk-bundled-python3-unix-linux-x86_64-20240806142304.tar.gz HTTP/1.1" 200 77768547
2024-09-16 13:26:22,412 INFO     ___FILE_ONLY___ ═
2024-09-16 13:26:22,414 INFO     ___FILE_ONLY___ ═
2024-09-16 13:26:22,416 INFO     ___FILE_ONLY___ ═
2024-09-16 13:26:22,417 INFO     ___FILE_ONLY___ ═
2024-09-16 13:26:22,419 INFO     ___FILE_ONLY___ ═
2024-09-16 13:26:22,421 INFO     ___FILE_ONLY___ ═
2024-09-16 13:26:22,423 INFO     ___FILE_ONLY___ ═
2024-09-16 13:26:22,425 INFO     ___FILE_ONLY___ ═
2024-09-16 13:26:22,426 INFO     ___FILE_ONLY___ ═
2024-09-16 13:26:22,428 INFO     ___FILE_ONLY___ ═
2024-09-16 13:26:22,430 INFO     ___FILE_ONLY___ ═
2024-09-16 13:26:22,431 INFO     ___FILE_ONLY___ ═
2024-09-16 13:26:22,433 INFO     ___FILE_ONLY___ ═
2024-09-16 13:26:22,435 INFO     ___FILE_ONLY___ ═
2024-09-16 13:26:22,437 INFO     ___FILE_ONLY___ ═
2024-09-16 13:26:22,438 INFO     ___FILE_ONLY___ ═
2024-09-16 13:26:22,440 INFO     ___FILE_ONLY___ ═
2024-09-16 13:26:22,442 INFO     ___FILE_ONLY___ ═
2024-09-16 13:26:22,444 INFO     ___FILE_ONLY___ ═
2024-09-16 13:26:22,445 INFO     ___FILE_ONLY___ ═
2024-09-16 13:26:22,447 INFO     ___FILE_ONLY___ ═
2024-09-16 13:26:22,449 INFO     ___FILE_ONLY___ ═
2024-09-16 13:26:22,451 INFO     ___FILE_ONLY___ ═
2024-09-16 13:26:22,452 INFO     ___FILE_ONLY___ ═
2024-09-16 13:26:22,454 INFO     ___FILE_ONLY___ ═
2024-09-16 13:26:22,456 INFO     ___FILE_ONLY___ ═
2024-09-16 13:26:22,457 INFO     ___FILE_ONLY___ ═
2024-09-16 13:26:22,459 INFO     ___FILE_ONLY___ ═
2024-09-16 13:26:22,461 INFO     ___FILE_ONLY___ ═
2024-09-16 13:26:22,463 INFO     ___FILE_ONLY___ ═
2024-09-16 13:26:22,464 INFO     ___FILE_ONLY___ ═
2024-09-16 13:26:22,466 INFO     ___FILE_ONLY___ ═
2024-09-16 13:26:22,468 INFO     ___FILE_ONLY___ ═
2024-09-16 13:26:22,470 INFO     ___FILE_ONLY___ ═
2024-09-16 13:26:22,471 INFO     ___FILE_ONLY___ ═
2024-09-16 13:26:22,473 INFO     ___FILE_ONLY___ ═
2024-09-16 13:26:22,475 INFO     ___FILE_ONLY___ ═
2024-09-16 13:26:22,477 INFO     ___FILE_ONLY___ ═
2024-09-16 13:26:22,478 INFO     ___FILE_ONLY___ ═
2024-09-16 13:26:22,480 INFO     ___FILE_ONLY___ ═
2024-09-16 13:26:22,482 INFO     ___FILE_ONLY___ ═
2024-09-16 13:26:22,484 INFO     ___FILE_ONLY___ ═
2024-09-16 13:26:22,485 INFO     ___FILE_ONLY___ ═
2024-09-16 13:26:22,487 INFO     ___FILE_ONLY___ ═
2024-09-16 13:26:22,489 INFO     ___FILE_ONLY___ ═
2024-09-16 13:26:22,491 INFO     ___FILE_ONLY___ ═
2024-09-16 13:26:22,493 INFO     ___FILE_ONLY___ ═
2024-09-16 13:26:22,495 INFO     ___FILE_ONLY___ ═
2024-09-16 13:26:22,496 INFO     ___FILE_ONLY___ ═
2024-09-16 13:26:22,498 INFO     ___FILE_ONLY___ ═
2024-09-16 13:26:22,500 INFO     ___FILE_ONLY___ ═
2024-09-16 13:26:22,502 INFO     ___FILE_ONLY___ ═
2024-09-16 13:26:22,503 INFO     ___FILE_ONLY___ ═
2024-09-16 13:26:22,505 INFO     ___FILE_ONLY___ ═
2024-09-16 13:26:22,507 INFO     ___FILE_ONLY___ ═
2024-09-16 13:26:22,508 INFO     ___FILE_ONLY___ ═
2024-09-16 13:26:22,510 INFO     ___FILE_ONLY___ ═
2024-09-16 13:26:22,512 INFO     ___FILE_ONLY___ ═
2024-09-16 13:26:22,514 INFO     ___FILE_ONLY___ ═
2024-09-16 13:26:22,515 INFO     ___FILE_ONLY___ ═
2024-09-16 13:26:22,516 INFO     ___FILE_ONLY___ ╝

2024-09-16 13:26:22,518 INFO     ___FILE_ONLY___ ╔════════════════════════════════════════════════════════════╗

2024-09-16 13:26:22,518 INFO     ___FILE_ONLY___ ╠═ Downloading: Cloud Storage Command Line Tool             ═╣

2024-09-16 13:26:22,519 INFO     ___FILE_ONLY___ ╚
2024-09-16 13:26:22,528 DEBUG    urllib3.connectionpool Starting new HTTPS connection (1): dl.google.com:443
2024-09-16 13:26:22,666 DEBUG    urllib3.connectionpool https://dl.google.com:443 "GET /dl/cloudsdk/channels/rapid/components/google-cloud-sdk-gsutil-20240614142823.tar.gz HTTP/1.1" 200 11883175
2024-09-16 13:26:22,718 INFO     ___FILE_ONLY___ ═
2024-09-16 13:26:22,719 INFO     ___FILE_ONLY___ ═
2024-09-16 13:26:22,720 INFO     ___FILE_ONLY___ ═
2024-09-16 13:26:22,720 INFO     ___FILE_ONLY___ ═
2024-09-16 13:26:22,721 INFO     ___FILE_ONLY___ ═
2024-09-16 13:26:22,721 INFO     ___FILE_ONLY___ ═
2024-09-16 13:26:22,722 INFO     ___FILE_ONLY___ ═
2024-09-16 13:26:22,722 INFO     ___FILE_ONLY___ ═
2024-09-16 13:26:22,723 INFO     ___FILE_ONLY___ ═
2024-09-16 13:26:22,723 INFO     ___FILE_ONLY___ ═
2024-09-16 13:26:22,723 INFO     ___FILE_ONLY___ ═
2024-09-16 13:26:22,724 INFO     ___FILE_ONLY___ ═
2024-09-16 13:26:22,724 INFO     ___FILE_ONLY___ ═
2024-09-16 13:26:22,725 INFO     ___FILE_ONLY___ ═
2024-09-16 13:26:22,725 INFO     ___FILE_ONLY___ ═
2024-09-16 13:26:22,726 INFO     ___FILE_ONLY___ ═
2024-09-16 13:26:22,726 INFO     ___FILE_ONLY___ ═
2024-09-16 13:26:22,726 INFO     ___FILE_ONLY___ ═
2024-09-16 13:26:22,727 INFO     ___FILE_ONLY___ ═
2024-09-16 13:26:22,727 INFO     ___FILE_ONLY___ ═
2024-09-16 13:26:22,728 INFO     ___FILE_ONLY___ ═
2024-09-16 13:26:22,728 INFO     ___FILE_ONLY___ ═
2024-09-16 13:26:22,728 INFO     ___FILE_ONLY___ ═
2024-09-16 13:26:22,729 INFO     ___FILE_ONLY___ ═
2024-09-16 13:26:22,729 INFO     ___FILE_ONLY___ ═
2024-09-16 13:26:22,730 INFO     ___FILE_ONLY___ ═
2024-09-16 13:26:22,730 INFO     ___FILE_ONLY___ ═
2024-09-16 13:26:22,730 INFO     ___FILE_ONLY___ ═
2024-09-16 13:26:22,731 INFO     ___FILE_ONLY___ ═
2024-09-16 13:26:22,731 INFO     ___FILE_ONLY___ ═
2024-09-16 13:26:22,732 INFO     ___FILE_ONLY___ ═
2024-09-16 13:26:22,732 INFO     ___FILE_ONLY___ ═
2024-09-16 13:26:22,732 INFO     ___FILE_ONLY___ ═
2024-09-16 13:26:22,733 INFO     ___FILE_ONLY___ ═
2024-09-16 13:26:22,733 INFO     ___FILE_ONLY___ ═
2024-09-16 13:26:22,734 INFO     ___FILE_ONLY___ ═
2024-09-16 13:26:22,734 INFO     ___FILE_ONLY___ ═
2024-09-16 13:26:22,734 INFO     ___FILE_ONLY___ ═
2024-09-16 13:26:22,735 INFO     ___FILE_ONLY___ ═
2024-09-16 13:26:22,735 INFO     ___FILE_ONLY___ ═
2024-09-16 13:26:22,736 INFO     ___FILE_ONLY___ ═
2024-09-16 13:26:22,736 INFO     ___FILE_ONLY___ ═
2024-09-16 13:26:22,736 INFO     ___FILE_ONLY___ ═
2024-09-16 13:26:22,737 INFO     ___FILE_ONLY___ ═
2024-09-16 13:26:22,737 INFO     ___FILE_ONLY___ ═
2024-09-16 13:26:22,738 INFO     ___FILE_ONLY___ ═
2024-09-16 13:26:22,738 INFO     ___FILE_ONLY___ ═
2024-09-16 13:26:22,738 INFO     ___FILE_ONLY___ ═
2024-09-16 13:26:22,739 INFO     ___FILE_ONLY___ ═
2024-09-16 13:26:22,739 INFO     ___FILE_ONLY___ ═
2024-09-16 13:26:22,740 INFO     ___FILE_ONLY___ ═
2024-09-16 13:26:22,740 INFO     ___FILE_ONLY___ ═
2024-09-16 13:26:22,741 INFO     ___FILE_ONLY___ ═
2024-09-16 13:26:22,741 INFO     ___FILE_ONLY___ ═
2024-09-16 13:26:22,741 INFO     ___FILE_ONLY___ ═
2024-09-16 13:26:22,742 INFO     ___FILE_ONLY___ ═
2024-09-16 13:26:22,742 INFO     ___FILE_ONLY___ ═
2024-09-16 13:26:22,743 INFO     ___FILE_ONLY___ ═
2024-09-16 13:26:22,743 INFO     ___FILE_ONLY___ ═
2024-09-16 13:26:22,743 INFO     ___FILE_ONLY___ ═
2024-09-16 13:26:22,744 INFO     ___FILE_ONLY___ ╝

2024-09-16 13:26:22,746 INFO     ___FILE_ONLY___ ╔════════════════════════════════════════════════════════════╗

2024-09-16 13:26:22,746 INFO     ___FILE_ONLY___ ╠═ Downloading: Cloud Storage Command Line Tool (Platfor... ═╣

2024-09-16 13:26:22,747 INFO     ___FILE_ONLY___ ╚
2024-09-16 13:26:22,750 DEBUG    urllib3.connectionpool Starting new HTTPS connection (1): dl.google.com:443
2024-09-16 13:26:22,887 DEBUG    urllib3.connectionpool https://dl.google.com:443 "GET /dl/cloudsdk/channels/rapid/components/google-cloud-sdk-gsutil-nix-20240830134514.tar.gz HTTP/1.1" 200 1928
2024-09-16 13:26:22,888 INFO     ___FILE_ONLY___ ════════════════════════════════════════════════════════════
2024-09-16 13:26:22,888 INFO     ___FILE_ONLY___ ╝

2024-09-16 13:26:22,890 INFO     ___FILE_ONLY___ ╔════════════════════════════════════════════════════════════╗

2024-09-16 13:26:22,890 INFO     ___FILE_ONLY___ ╠═ Downloading: Default set of gcloud commands              ═╣

2024-09-16 13:26:22,891 INFO     ___FILE_ONLY___ ╚
2024-09-16 13:26:22,891 INFO     ___FILE_ONLY___ ════════════════════════════════════════════════════════════
2024-09-16 13:26:22,891 INFO     ___FILE_ONLY___ ╝

2024-09-16 13:26:22,893 INFO     ___FILE_ONLY___ ╔════════════════════════════════════════════════════════════╗

2024-09-16 13:26:22,893 INFO     ___FILE_ONLY___ ╠═ Downloading: Google Cloud CLI Core Libraries (Platfor... ═╣

2024-09-16 13:26:22,893 INFO     ___FILE_ONLY___ ╚
2024-09-16 13:26:22,897 DEBUG    urllib3.connectionpool Starting new HTTPS connection (1): dl.google.com:443
2024-09-16 13:26:22,986 DEBUG    urllib3.connectionpool https://dl.google.com:443 "GET /dl/cloudsdk/channels/rapid/components/google-cloud-sdk-core-nix-20240830134514.tar.gz HTTP/1.1" 200 2306
2024-09-16 13:26:22,987 INFO     ___FILE_ONLY___ ════════════════════════════════════════════════════════════
2024-09-16 13:26:22,987 INFO     ___FILE_ONLY___ ╝

2024-09-16 13:26:22,989 INFO     ___FILE_ONLY___ ╔════════════════════════════════════════════════════════════╗

2024-09-16 13:26:22,990 INFO     ___FILE_ONLY___ ╠═ Downloading: Google Cloud CRC32C Hash Tool               ═╣

2024-09-16 13:26:22,990 INFO     ___FILE_ONLY___ ╚
2024-09-16 13:26:22,990 INFO     ___FILE_ONLY___ ════════════════════════════════════════════════════════════
2024-09-16 13:26:22,990 INFO     ___FILE_ONLY___ ╝

2024-09-16 13:26:22,992 INFO     ___FILE_ONLY___ ╔════════════════════════════════════════════════════════════╗

2024-09-16 13:26:22,992 INFO     ___FILE_ONLY___ ╠═ Downloading: Google Cloud CRC32C Hash Tool (Platform ... ═╣

2024-09-16 13:26:22,992 INFO     ___FILE_ONLY___ ╚
2024-09-16 13:26:22,996 DEBUG    urllib3.connectionpool Starting new HTTPS connection (1): dl.google.com:443
2024-09-16 13:26:23,128 DEBUG    urllib3.connectionpool https://dl.google.com:443 "GET /dl/cloudsdk/channels/rapid/components/google-cloud-sdk-gcloud-crc32c-linux-x86_64-20240712142834.tar.gz HTTP/1.1" 200 1350263
2024-09-16 13:26:23,139 INFO     ___FILE_ONLY___ ═
2024-09-16 13:26:23,139 INFO     ___FILE_ONLY___ ═
2024-09-16 13:26:23,139 INFO     ___FILE_ONLY___ ═
2024-09-16 13:26:23,139 INFO     ___FILE_ONLY___ ═
2024-09-16 13:26:23,140 INFO     ___FILE_ONLY___ ═
2024-09-16 13:26:23,140 INFO     ___FILE_ONLY___ ═
2024-09-16 13:26:23,140 INFO     ___FILE_ONLY___ ═
2024-09-16 13:26:23,140 INFO     ___FILE_ONLY___ ═
2024-09-16 13:26:23,140 INFO     ___FILE_ONLY___ ═
2024-09-16 13:26:23,140 INFO     ___FILE_ONLY___ ═
2024-09-16 13:26:23,140 INFO     ___FILE_ONLY___ ═
2024-09-16 13:26:23,140 INFO     ___FILE_ONLY___ ═
2024-09-16 13:26:23,140 INFO     ___FILE_ONLY___ ═
2024-09-16 13:26:23,141 INFO     ___FILE_ONLY___ ═
2024-09-16 13:26:23,141 INFO     ___FILE_ONLY___ ═
2024-09-16 13:26:23,141 INFO     ___FILE_ONLY___ ═
2024-09-16 13:26:23,141 INFO     ___FILE_ONLY___ ═
2024-09-16 13:26:23,141 INFO     ___FILE_ONLY___ ═
2024-09-16 13:26:23,141 INFO     ___FILE_ONLY___ ═
2024-09-16 13:26:23,141 INFO     ___FILE_ONLY___ ═
2024-09-16 13:26:23,141 INFO     ___FILE_ONLY___ ═
2024-09-16 13:26:23,141 INFO     ___FILE_ONLY___ ═
2024-09-16 13:26:23,141 INFO     ___FILE_ONLY___ ═
2024-09-16 13:26:23,142 INFO     ___FILE_ONLY___ ═
2024-09-16 13:26:23,142 INFO     ___FILE_ONLY___ ═
2024-09-16 13:26:23,142 INFO     ___FILE_ONLY___ ═
2024-09-16 13:26:23,142 INFO     ___FILE_ONLY___ ═
2024-09-16 13:26:23,142 INFO     ___FILE_ONLY___ ═
2024-09-16 13:26:23,142 INFO     ___FILE_ONLY___ ═
2024-09-16 13:26:23,142 INFO     ___FILE_ONLY___ ═
2024-09-16 13:26:23,142 INFO     ___FILE_ONLY___ ═
2024-09-16 13:26:23,142 INFO     ___FILE_ONLY___ ═
2024-09-16 13:26:23,143 INFO     ___FILE_ONLY___ ═
2024-09-16 13:26:23,143 INFO     ___FILE_ONLY___ ═
2024-09-16 13:26:23,143 INFO     ___FILE_ONLY___ ═
2024-09-16 13:26:23,143 INFO     ___FILE_ONLY___ ═
2024-09-16 13:26:23,143 INFO     ___FILE_ONLY___ ═
2024-09-16 13:26:23,143 INFO     ___FILE_ONLY___ ═
2024-09-16 13:26:23,143 INFO     ___FILE_ONLY___ ═
2024-09-16 13:26:23,143 INFO     ___FILE_ONLY___ ═
2024-09-16 13:26:23,143 INFO     ___FILE_ONLY___ ═
2024-09-16 13:26:23,143 INFO     ___FILE_ONLY___ ═
2024-09-16 13:26:23,144 INFO     ___FILE_ONLY___ ═
2024-09-16 13:26:23,144 INFO     ___FILE_ONLY___ ═
2024-09-16 13:26:23,144 INFO     ___FILE_ONLY___ ═
2024-09-16 13:26:23,144 INFO     ___FILE_ONLY___ ═
2024-09-16 13:26:23,144 INFO     ___FILE_ONLY___ ═
2024-09-16 13:26:23,144 INFO     ___FILE_ONLY___ ═
2024-09-16 13:26:23,144 INFO     ___FILE_ONLY___ ═
2024-09-16 13:26:23,144 INFO     ___FILE_ONLY___ ═
2024-09-16 13:26:23,144 INFO     ___FILE_ONLY___ ═
2024-09-16 13:26:23,145 INFO     ___FILE_ONLY___ ═
2024-09-16 13:26:23,145 INFO     ___FILE_ONLY___ ═
2024-09-16 13:26:23,145 INFO     ___FILE_ONLY___ ═
2024-09-16 13:26:23,145 INFO     ___FILE_ONLY___ ═
2024-09-16 13:26:23,145 INFO     ___FILE_ONLY___ ═
2024-09-16 13:26:23,145 INFO     ___FILE_ONLY___ ═
2024-09-16 13:26:23,145 INFO     ___FILE_ONLY___ ═
2024-09-16 13:26:23,145 INFO     ___FILE_ONLY___ ═
2024-09-16 13:26:23,145 INFO     ___FILE_ONLY___ ═
2024-09-16 13:26:23,145 INFO     ___FILE_ONLY___ ╝

2024-09-16 13:26:23,148 INFO     ___FILE_ONLY___ ╔════════════════════════════════════════════════════════════╗

2024-09-16 13:26:23,148 INFO     ___FILE_ONLY___ ╠═ Downloading: gcloud cli dependencies (Platform Specific) ═╣

2024-09-16 13:26:23,148 INFO     ___FILE_ONLY___ ╚
2024-09-16 13:26:23,152 DEBUG    urllib3.connectionpool Starting new HTTPS connection (1): dl.google.com:443
2024-09-16 13:26:23,288 DEBUG    urllib3.connectionpool https://dl.google.com:443 "GET /dl/cloudsdk/channels/rapid/components/google-cloud-sdk-gcloud-deps-linux-x86_64-20210416153011.tar.gz HTTP/1.1" 200 104
2024-09-16 13:26:23,289 INFO     ___FILE_ONLY___ ════════════════════════════════════════════════════════════
2024-09-16 13:26:23,289 INFO     ___FILE_ONLY___ ╝

2024-09-16 13:26:23,292 INFO     ___FILE_ONLY___ ╔════════════════════════════════════════════════════════════╗

2024-09-16 13:26:23,292 INFO     ___FILE_ONLY___ ╠═ Installing: BigQuery Command Line Tool                   ═╣

2024-09-16 13:26:23,292 INFO     ___FILE_ONLY___ ╚
2024-09-16 13:26:23,435 INFO     ___FILE_ONLY___ ═
2024-09-16 13:26:23,439 INFO     ___FILE_ONLY___ ═
2024-09-16 13:26:23,442 INFO     ___FILE_ONLY___ ═
2024-09-16 13:26:23,445 INFO     ___FILE_ONLY___ ═
2024-09-16 13:26:23,448 INFO     ___FILE_ONLY___ ═
2024-09-16 13:26:23,450 INFO     ___FILE_ONLY___ ═
2024-09-16 13:26:23,453 INFO     ___FILE_ONLY___ ═
2024-09-16 13:26:23,455 INFO     ___FILE_ONLY___ ═
2024-09-16 13:26:23,458 INFO     ___FILE_ONLY___ ═
2024-09-16 13:26:23,460 INFO     ___FILE_ONLY___ ═
2024-09-16 13:26:23,462 INFO     ___FILE_ONLY___ ═
2024-09-16 13:26:23,465 INFO     ___FILE_ONLY___ ═
2024-09-16 13:26:23,467 INFO     ___FILE_ONLY___ ═
2024-09-16 13:26:23,470 INFO     ___FILE_ONLY___ ═
2024-09-16 13:26:23,473 INFO     ___FILE_ONLY___ ═
2024-09-16 13:26:23,475 INFO     ___FILE_ONLY___ ═
2024-09-16 13:26:23,478 INFO     ___FILE_ONLY___ ═
2024-09-16 13:26:23,481 INFO     ___FILE_ONLY___ ═
2024-09-16 13:26:23,484 INFO     ___FILE_ONLY___ ═
2024-09-16 13:26:23,487 INFO     ___FILE_ONLY___ ═
2024-09-16 13:26:23,489 INFO     ___FILE_ONLY___ ═
2024-09-16 13:26:23,491 INFO     ___FILE_ONLY___ ═
2024-09-16 13:26:23,493 INFO     ___FILE_ONLY___ ═
2024-09-16 13:26:23,496 INFO     ___FILE_ONLY___ ═
2024-09-16 13:26:23,498 INFO     ___FILE_ONLY___ ═
2024-09-16 13:26:23,501 INFO     ___FILE_ONLY___ ═
2024-09-16 13:26:23,503 INFO     ___FILE_ONLY___ ═
2024-09-16 13:26:23,508 INFO     ___FILE_ONLY___ ═
2024-09-16 13:26:23,510 INFO     ___FILE_ONLY___ ═
2024-09-16 13:26:23,512 INFO     ___FILE_ONLY___ ═
2024-09-16 13:26:23,514 INFO     ___FILE_ONLY___ ═
2024-09-16 13:26:23,517 INFO     ___FILE_ONLY___ ═
2024-09-16 13:26:23,520 INFO     ___FILE_ONLY___ ═
2024-09-16 13:26:23,525 INFO     ___FILE_ONLY___ ═
2024-09-16 13:26:23,533 INFO     ___FILE_ONLY___ ═
2024-09-16 13:26:23,535 INFO     ___FILE_ONLY___ ═
2024-09-16 13:26:23,538 INFO     ___FILE_ONLY___ ═
2024-09-16 13:26:23,543 INFO     ___FILE_ONLY___ ═
2024-09-16 13:26:23,546 INFO     ___FILE_ONLY___ ═
2024-09-16 13:26:23,549 INFO     ___FILE_ONLY___ ═
2024-09-16 13:26:23,551 INFO     ___FILE_ONLY___ ═
2024-09-16 13:26:23,555 INFO     ___FILE_ONLY___ ═
2024-09-16 13:26:23,559 INFO     ___FILE_ONLY___ ═
2024-09-16 13:26:23,561 INFO     ___FILE_ONLY___ ═
2024-09-16 13:26:23,563 INFO     ___FILE_ONLY___ ═
2024-09-16 13:26:23,566 INFO     ___FILE_ONLY___ ═
2024-09-16 13:26:23,568 INFO     ___FILE_ONLY___ ═
2024-09-16 13:26:23,571 INFO     ___FILE_ONLY___ ═
2024-09-16 13:26:23,574 INFO     ___FILE_ONLY___ ═
2024-09-16 13:26:23,576 INFO     ___FILE_ONLY___ ═
2024-09-16 13:26:23,578 INFO     ___FILE_ONLY___ ═
2024-09-16 13:26:23,580 INFO     ___FILE_ONLY___ ═
2024-09-16 13:26:23,583 INFO     ___FILE_ONLY___ ═
2024-09-16 13:26:23,585 INFO     ___FILE_ONLY___ ═
2024-09-16 13:26:23,588 INFO     ___FILE_ONLY___ ═
2024-09-16 13:26:23,590 INFO     ___FILE_ONLY___ ═
2024-09-16 13:26:23,592 INFO     ___FILE_ONLY___ ═
2024-09-16 13:26:23,595 INFO     ___FILE_ONLY___ ═
2024-09-16 13:26:23,597 INFO     ___FILE_ONLY___ ═
2024-09-16 13:26:23,600 INFO     ___FILE_ONLY___ ═
2024-09-16 13:26:23,600 INFO     ___FILE_ONLY___ ╝

2024-09-16 13:26:23,616 INFO     ___FILE_ONLY___ ╔════════════════════════════════════════════════════════════╗

2024-09-16 13:26:23,617 INFO     ___FILE_ONLY___ ╠═ Installing: BigQuery Command Line Tool (Platform Spec... ═╣

2024-09-16 13:26:23,617 INFO     ___FILE_ONLY___ ╚
2024-09-16 13:26:23,618 INFO     ___FILE_ONLY___ ════════════════════════════════════════════════════════════
2024-09-16 13:26:23,618 INFO     ___FILE_ONLY___ ╝

2024-09-16 13:26:23,626 INFO     ___FILE_ONLY___ ╔════════════════════════════════════════════════════════════╗

2024-09-16 13:26:23,626 INFO     ___FILE_ONLY___ ╠═ Installing: Bundled Python 3.11                          ═╣

2024-09-16 13:26:23,626 INFO     ___FILE_ONLY___ ╚
2024-09-16 13:26:23,632 INFO     ___FILE_ONLY___ ════════════════════════════════════════════════════════════
2024-09-16 13:26:23,632 INFO     ___FILE_ONLY___ ╝

2024-09-16 13:26:23,634 INFO     ___FILE_ONLY___ ╔════════════════════════════════════════════════════════════╗

2024-09-16 13:26:23,634 INFO     ___FILE_ONLY___ ╠═ Installing: Bundled Python 3.11 (Platform Specific)      ═╣

2024-09-16 13:26:23,634 INFO     ___FILE_ONLY___ ╚
2024-09-16 13:26:26,038 INFO     ___FILE_ONLY___ ═
2024-09-16 13:26:26,052 INFO     ___FILE_ONLY___ ═
2024-09-16 13:26:26,067 INFO     ___FILE_ONLY___ ═
2024-09-16 13:26:26,082 INFO     ___FILE_ONLY___ ═
2024-09-16 13:26:26,097 INFO     ___FILE_ONLY___ ═
2024-09-16 13:26:26,112 INFO     ___FILE_ONLY___ ═
2024-09-16 13:26:26,127 INFO     ___FILE_ONLY___ ═
2024-09-16 13:26:26,141 INFO     ___FILE_ONLY___ ═
2024-09-16 13:26:26,155 INFO     ___FILE_ONLY___ ═
2024-09-16 13:26:26,170 INFO     ___FILE_ONLY___ ═
2024-09-16 13:26:26,184 INFO     ___FILE_ONLY___ ═
2024-09-16 13:26:26,200 INFO     ___FILE_ONLY___ ═
2024-09-16 13:26:26,214 INFO     ___FILE_ONLY___ ═
2024-09-16 13:26:26,228 INFO     ___FILE_ONLY___ ═
2024-09-16 13:26:26,242 INFO     ___FILE_ONLY___ ═
2024-09-16 13:26:26,256 INFO     ___FILE_ONLY___ ═
2024-09-16 13:26:26,270 INFO     ___FILE_ONLY___ ═
2024-09-16 13:26:26,285 INFO     ___FILE_ONLY___ ═
2024-09-16 13:26:26,300 INFO     ___FILE_ONLY___ ═
2024-09-16 13:26:26,314 INFO     ___FILE_ONLY___ ═
2024-09-16 13:26:26,329 INFO     ___FILE_ONLY___ ═
2024-09-16 13:26:26,343 INFO     ___FILE_ONLY___ ═
2024-09-16 13:26:26,358 INFO     ___FILE_ONLY___ ═
2024-09-16 13:26:26,372 INFO     ___FILE_ONLY___ ═
2024-09-16 13:26:26,387 INFO     ___FILE_ONLY___ ═
2024-09-16 13:26:26,401 INFO     ___FILE_ONLY___ ═
2024-09-16 13:26:26,415 INFO     ___FILE_ONLY___ ═
2024-09-16 13:26:26,430 INFO     ___FILE_ONLY___ ═
2024-09-16 13:26:26,445 INFO     ___FILE_ONLY___ ═
2024-09-16 13:26:26,460 INFO     ___FILE_ONLY___ ═
2024-09-16 13:26:26,474 INFO     ___FILE_ONLY___ ═
2024-09-16 13:26:26,488 INFO     ___FILE_ONLY___ ═
2024-09-16 13:26:26,503 INFO     ___FILE_ONLY___ ═
2024-09-16 13:26:26,518 INFO     ___FILE_ONLY___ ═
2024-09-16 13:26:26,927 INFO     ___FILE_ONLY___ ═
2024-09-16 13:26:26,953 INFO     ___FILE_ONLY___ ═
2024-09-16 13:26:26,972 INFO     ___FILE_ONLY___ ═
2024-09-16 13:26:26,991 INFO     ___FILE_ONLY___ ═
2024-09-16 13:26:27,016 INFO     ___FILE_ONLY___ ═
2024-09-16 13:26:27,048 INFO     ___FILE_ONLY___ ═
2024-09-16 13:26:27,072 INFO     ___FILE_ONLY___ ═
2024-09-16 13:26:27,097 INFO     ___FILE_ONLY___ ═
2024-09-16 13:26:27,245 INFO     ___FILE_ONLY___ ═
2024-09-16 13:26:27,264 INFO     ___FILE_ONLY___ ═
2024-09-16 13:26:27,372 INFO     ___FILE_ONLY___ ═
2024-09-16 13:26:27,394 INFO     ___FILE_ONLY___ ═
2024-09-16 13:26:27,420 INFO     ___FILE_ONLY___ ═
2024-09-16 13:26:27,450 INFO     ___FILE_ONLY___ ═
2024-09-16 13:26:27,475 INFO     ___FILE_ONLY___ ═
2024-09-16 13:26:27,504 INFO     ___FILE_ONLY___ ═
2024-09-16 13:26:27,533 INFO     ___FILE_ONLY___ ═
2024-09-16 13:26:27,584 INFO     ___FILE_ONLY___ ═
2024-09-16 13:26:27,605 INFO     ___FILE_ONLY___ ═
2024-09-16 13:26:27,628 INFO     ___FILE_ONLY___ ═
2024-09-16 13:26:27,655 INFO     ___FILE_ONLY___ ═
2024-09-16 13:26:27,683 INFO     ___FILE_ONLY___ ═
2024-09-16 13:26:27,723 INFO     ___FILE_ONLY___ ═
2024-09-16 13:26:28,961 INFO     ___FILE_ONLY___ ═
2024-09-16 13:26:28,980 INFO     ___FILE_ONLY___ ═
2024-09-16 13:26:28,999 INFO     ___FILE_ONLY___ ═
2024-09-16 13:26:28,999 INFO     ___FILE_ONLY___ ╝

2024-09-16 13:26:29,118 INFO     ___FILE_ONLY___ ╔════════════════════════════════════════════════════════════╗

2024-09-16 13:26:29,119 INFO     ___FILE_ONLY___ ╠═ Installing: Cloud Storage Command Line Tool              ═╣

2024-09-16 13:26:29,119 INFO     ___FILE_ONLY___ ╚
2024-09-16 13:26:29,921 INFO     ___FILE_ONLY___ ═
2024-09-16 13:26:29,936 INFO     ___FILE_ONLY___ ═
2024-09-16 13:26:29,951 INFO     ___FILE_ONLY___ ═
2024-09-16 13:26:29,972 INFO     ___FILE_ONLY___ ═
2024-09-16 13:26:29,991 INFO     ___FILE_ONLY___ ═
2024-09-16 13:26:30,010 INFO     ___FILE_ONLY___ ═
2024-09-16 13:26:30,026 INFO     ___FILE_ONLY___ ═
2024-09-16 13:26:30,052 INFO     ___FILE_ONLY___ ═
2024-09-16 13:26:30,067 INFO     ___FILE_ONLY___ ═
2024-09-16 13:26:30,080 INFO     ___FILE_ONLY___ ═
2024-09-16 13:26:30,094 INFO     ___FILE_ONLY___ ═
2024-09-16 13:26:30,138 INFO     ___FILE_ONLY___ ═
2024-09-16 13:26:30,150 INFO     ___FILE_ONLY___ ═
2024-09-16 13:26:30,165 INFO     ___FILE_ONLY___ ═
2024-09-16 13:26:30,180 INFO     ___FILE_ONLY___ ═
2024-09-16 13:26:30,191 INFO     ___FILE_ONLY___ ═
2024-09-16 13:26:30,203 INFO     ___FILE_ONLY___ ═
2024-09-16 13:26:30,216 INFO     ___FILE_ONLY___ ═
2024-09-16 13:26:30,227 INFO     ___FILE_ONLY___ ═
2024-09-16 13:26:30,241 INFO     ___FILE_ONLY___ ═
2024-09-16 13:26:30,263 INFO     ___FILE_ONLY___ ═
2024-09-16 13:26:30,282 INFO     ___FILE_ONLY___ ═
2024-09-16 13:26:30,300 INFO     ___FILE_ONLY___ ═
2024-09-16 13:26:30,323 INFO     ___FILE_ONLY___ ═
2024-09-16 13:26:30,335 INFO     ___FILE_ONLY___ ═
2024-09-16 13:26:30,350 INFO     ___FILE_ONLY___ ═
2024-09-16 13:26:30,366 INFO     ___FILE_ONLY___ ═
2024-09-16 13:26:30,382 INFO     ___FILE_ONLY___ ═
2024-09-16 13:26:30,396 INFO     ___FILE_ONLY___ ═
2024-09-16 13:26:30,418 INFO     ___FILE_ONLY___ ═
2024-09-16 13:26:30,430 INFO     ___FILE_ONLY___ ═
2024-09-16 13:26:30,444 INFO     ___FILE_ONLY___ ═
2024-09-16 13:26:30,456 INFO     ___FILE_ONLY___ ═
2024-09-16 13:26:30,474 INFO     ___FILE_ONLY___ ═
2024-09-16 13:26:30,486 INFO     ___FILE_ONLY___ ═
2024-09-16 13:26:30,499 INFO     ___FILE_ONLY___ ═
2024-09-16 13:26:30,516 INFO     ___FILE_ONLY___ ═
2024-09-16 13:26:30,533 INFO     ___FILE_ONLY___ ═
2024-09-16 13:26:30,550 INFO     ___FILE_ONLY___ ═
2024-09-16 13:26:30,569 INFO     ___FILE_ONLY___ ═
2024-09-16 13:26:30,585 INFO     ___FILE_ONLY___ ═
2024-09-16 13:26:30,598 INFO     ___FILE_ONLY___ ═
2024-09-16 13:26:30,610 INFO     ___FILE_ONLY___ ═
2024-09-16 13:26:30,626 INFO     ___FILE_ONLY___ ═
2024-09-16 13:26:30,642 INFO     ___FILE_ONLY___ ═
2024-09-16 13:26:30,659 INFO     ___FILE_ONLY___ ═
2024-09-16 13:26:30,676 INFO     ___FILE_ONLY___ ═
2024-09-16 13:26:30,690 INFO     ___FILE_ONLY___ ═
2024-09-16 13:26:30,706 INFO     ___FILE_ONLY___ ═
2024-09-16 13:26:30,721 INFO     ___FILE_ONLY___ ═
2024-09-16 13:26:30,735 INFO     ___FILE_ONLY___ ═
2024-09-16 13:26:30,749 INFO     ___FILE_ONLY___ ═
2024-09-16 13:26:30,764 INFO     ___FILE_ONLY___ ═
2024-09-16 13:26:30,777 INFO     ___FILE_ONLY___ ═
2024-09-16 13:26:30,791 INFO     ___FILE_ONLY___ ═
2024-09-16 13:26:30,804 INFO     ___FILE_ONLY___ ═
2024-09-16 13:26:30,816 INFO     ___FILE_ONLY___ ═
2024-09-16 13:26:30,848 INFO     ___FILE_ONLY___ ═
2024-09-16 13:26:30,871 INFO     ___FILE_ONLY___ ═
2024-09-16 13:26:30,890 INFO     ___FILE_ONLY___ ═
2024-09-16 13:26:30,891 INFO     ___FILE_ONLY___ ╝

2024-09-16 13:26:30,972 INFO     ___FILE_ONLY___ ╔════════════════════════════════════════════════════════════╗

2024-09-16 13:26:30,973 INFO     ___FILE_ONLY___ ╠═ Installing: Cloud Storage Command Line Tool (Platform... ═╣

2024-09-16 13:26:30,973 INFO     ___FILE_ONLY___ ╚
2024-09-16 13:26:30,974 INFO     ___FILE_ONLY___ ════════════════════════════════════════════════════════════
2024-09-16 13:26:30,974 INFO     ___FILE_ONLY___ ╝

2024-09-16 13:26:30,983 INFO     ___FILE_ONLY___ ╔════════════════════════════════════════════════════════════╗

2024-09-16 13:26:30,983 INFO     ___FILE_ONLY___ ╠═ Installing: Default set of gcloud commands               ═╣

2024-09-16 13:26:30,983 INFO     ___FILE_ONLY___ ╚
2024-09-16 13:26:30,989 INFO     ___FILE_ONLY___ ════════════════════════════════════════════════════════════
2024-09-16 13:26:30,989 INFO     ___FILE_ONLY___ ╝

2024-09-16 13:26:30,991 INFO     ___FILE_ONLY___ ╔════════════════════════════════════════════════════════════╗

2024-09-16 13:26:30,991 INFO     ___FILE_ONLY___ ╠═ Installing: Google Cloud CLI Core Libraries (Platform... ═╣

2024-09-16 13:26:30,992 INFO     ___FILE_ONLY___ ╚
2024-09-16 13:26:30,993 INFO     ___FILE_ONLY___ ══════════════════════════════
2024-09-16 13:26:30,993 INFO     ___FILE_ONLY___ ══════════════════════════════
2024-09-16 13:26:30,993 INFO     ___FILE_ONLY___ ╝

2024-09-16 13:26:31,002 INFO     ___FILE_ONLY___ ╔════════════════════════════════════════════════════════════╗

2024-09-16 13:26:31,002 INFO     ___FILE_ONLY___ ╠═ Installing: Google Cloud CRC32C Hash Tool                ═╣

2024-09-16 13:26:31,002 INFO     ___FILE_ONLY___ ╚
2024-09-16 13:26:31,008 INFO     ___FILE_ONLY___ ════════════════════════════════════════════════════════════
2024-09-16 13:26:31,008 INFO     ___FILE_ONLY___ ╝

2024-09-16 13:26:31,010 INFO     ___FILE_ONLY___ ╔════════════════════════════════════════════════════════════╗

2024-09-16 13:26:31,011 INFO     ___FILE_ONLY___ ╠═ Installing: Google Cloud CRC32C Hash Tool (Platform S... ═╣

2024-09-16 13:26:31,011 INFO     ___FILE_ONLY___ ╚
2024-09-16 13:26:31,050 INFO     ___FILE_ONLY___ ══════════════════════════════
2024-09-16 13:26:31,051 INFO     ___FILE_ONLY___ ══════════════════════════════
2024-09-16 13:26:31,051 INFO     ___FILE_ONLY___ ╝

2024-09-16 13:26:31,060 INFO     ___FILE_ONLY___ ╔════════════════════════════════════════════════════════════╗

2024-09-16 13:26:31,060 INFO     ___FILE_ONLY___ ╠═ Installing: gcloud cli dependencies (Platform Specific)  ═╣

2024-09-16 13:26:31,060 INFO     ___FILE_ONLY___ ╚
2024-09-16 13:26:31,060 INFO     ___FILE_ONLY___ ════════════════════════════════════════════════════════════
2024-09-16 13:26:31,061 INFO     ___FILE_ONLY___ ╝

2024-09-16 13:26:31,071 DEBUG    root            Updating notification cache...
2024-09-16 13:26:31,071 INFO     ___FILE_ONLY___ 

2024-09-16 13:26:31,074 INFO     ___FILE_ONLY___ Performing post processing steps...
2024-09-16 13:26:31,074 DEBUG    root            Executing command: ['/tools/google-cloud-sdk/bin/gcloud', 'components', 'post-process']
2024-09-16 13:26:43,699 DEBUG    ___FILE_ONLY___ 
2024-09-16 13:26:43,699 DEBUG    ___FILE_ONLY___ 
2024-09-16 13:26:43,862 INFO     ___FILE_ONLY___ 
Update done!


2024-09-16 13:26:43,866 DEBUG    root            Chosen display Format:none
2024-09-16 13:26:43,866 INFO     root            Display format: "none"
