2024-09-16 13:26:44,551 DEBUG    root            Loaded Command Group: ['gcloud', 'components']
2024-09-16 13:26:44,554 DEBUG    root            Loaded Command Group: ['gcloud', 'components', 'update']
2024-09-16 13:26:44,557 DEBUG    root            Running [gcloud.components.update] with arguments: [--quiet: "True", COMPONENT-IDS:8: "['gcloud', 'core', 'bq', 'gsutil', 'compute', 'preview', 'alpha', 'beta']"]
2024-09-16 13:26:44,558 INFO     ___FILE_ONLY___ Beginning update. This process may take several minutes.

2024-09-16 13:26:44,570 DEBUG    urllib3.connectionpool Starting new HTTPS connection (1): dl.google.com:443
2024-09-16 13:26:44,711 DEBUG    urllib3.connectionpool https://dl.google.com:443 "GET /dl/cloudsdk/channels/rapid/components-2.json HTTP/1.1" 200 227002
2024-09-16 13:26:44,734 WARNING  root            Component [compute] no longer exists.
2024-09-16 13:26:44,734 WARNING  root            Component [preview] no longer exists.
2024-09-16 13:26:44,736 INFO     ___FILE_ONLY___ 

2024-09-16 13:26:44,736 INFO     ___FILE_ONLY___ 
Your current Google Cloud CLI version is: 492.0.0

2024-09-16 13:26:44,736 INFO     ___FILE_ONLY___ Installing components from version: 492.0.0

2024-09-16 13:26:44,736 INFO     ___FILE_ONLY___ 

2024-09-16 13:26:44,737 DEBUG    root            Chosen display Format:table[box,title="These components will be removed."](details.display_name:label=Name:align=left,version.version_string:label=Version:align=right,data.size.size(zero="",min=1048576):label=Size:align=right)
2024-09-16 13:26:44,738 DEBUG    root            Chosen display Format:table[box,title="These components will be updated."](details.display_name:label=Name:align=left,version.version_string:label=Version:align=right,data.size.size(zero="",min=1048576):label=Size:align=right)
2024-09-16 13:26:44,738 DEBUG    root            Chosen display Format:table[box,title="These components will be installed."](details.display_name:label=Name:align=left,version.version_string:label=Version:align=right,data.size.size(zero="",min=1048576):label=Size:align=right)
2024-09-16 13:26:44,759 INFO     ___FILE_ONLY___ ┌──────────────────────────────────────────────┐
2024-09-16 13:26:44,759 INFO     ___FILE_ONLY___ 

2024-09-16 13:26:44,759 INFO     ___FILE_ONLY___ │     These components will be installed.      │
2024-09-16 13:26:44,760 INFO     ___FILE_ONLY___ 

2024-09-16 13:26:44,760 INFO     ___FILE_ONLY___ ├───────────────────────┬────────────┬─────────┤
2024-09-16 13:26:44,760 INFO     ___FILE_ONLY___ 

2024-09-16 13:26:44,760 INFO     ___FILE_ONLY___ │          Name         │  Version   │   Size  │
2024-09-16 13:26:44,760 INFO     ___FILE_ONLY___ 

2024-09-16 13:26:44,760 INFO     ___FILE_ONLY___ ├───────────────────────┼────────────┼─────────┤
2024-09-16 13:26:44,760 INFO     ___FILE_ONLY___ 

2024-09-16 13:26:44,760 INFO     ___FILE_ONLY___ │ 
2024-09-16 13:26:44,761 INFO     ___FILE_ONLY___ gcloud Alpha Commands
2024-09-16 13:26:44,761 INFO     ___FILE_ONLY___  
2024-09-16 13:26:44,761 INFO     ___FILE_ONLY___ │ 
2024-09-16 13:26:44,761 INFO     ___FILE_ONLY___ 2024.09.06
2024-09-16 13:26:44,761 INFO     ___FILE_ONLY___  
2024-09-16 13:26:44,761 INFO     ___FILE_ONLY___ │ 
2024-09-16 13:26:44,761 INFO     ___FILE_ONLY___ < 1 MiB
2024-09-16 13:26:44,761 INFO     ___FILE_ONLY___  
2024-09-16 13:26:44,761 INFO     ___FILE_ONLY___ │
2024-09-16 13:26:44,762 INFO     ___FILE_ONLY___ 

2024-09-16 13:26:44,762 INFO     ___FILE_ONLY___ │ 
2024-09-16 13:26:44,762 INFO     ___FILE_ONLY___ gcloud Beta Commands 
2024-09-16 13:26:44,762 INFO     ___FILE_ONLY___  
2024-09-16 13:26:44,762 INFO     ___FILE_ONLY___ │ 
2024-09-16 13:26:44,762 INFO     ___FILE_ONLY___ 2024.09.06
2024-09-16 13:26:44,762 INFO     ___FILE_ONLY___  
2024-09-16 13:26:44,762 INFO     ___FILE_ONLY___ │ 
2024-09-16 13:26:44,762 INFO     ___FILE_ONLY___ < 1 MiB
2024-09-16 13:26:44,763 INFO     ___FILE_ONLY___  
2024-09-16 13:26:44,763 INFO     ___FILE_ONLY___ │
2024-09-16 13:26:44,763 INFO     ___FILE_ONLY___ 

2024-09-16 13:26:44,763 INFO     ___FILE_ONLY___ └───────────────────────┴────────────┴─────────┘
2024-09-16 13:26:44,763 INFO     ___FILE_ONLY___ 

2024-09-16 13:26:44,763 INFO     ___FILE_ONLY___ 

2024-09-16 13:26:44,767 DEBUG    urllib3.connectionpool Starting new HTTPS connection (1): dl.google.com:443
2024-09-16 13:26:44,912 DEBUG    urllib3.connectionpool https://dl.google.com:443 "GET /dl/cloudsdk/channels/rapid/RELEASE_NOTES HTTP/1.1" 200 1268805
2024-09-16 13:26:45,002 INFO     ___FILE_ONLY___ For the latest full release notes, please visit:
  https://cloud.google.com/sdk/release_notes


2024-09-16 13:26:45,002 INFO     ___FILE_ONLY___ Performing in place update...


2024-09-16 13:26:45,005 INFO     ___FILE_ONLY___ ╔════════════════════════════════════════════════════════════╗

2024-09-16 13:26:45,005 INFO     ___FILE_ONLY___ ╠═ Downloading: gcloud Alpha Commands                       ═╣

2024-09-16 13:26:45,005 INFO     ___FILE_ONLY___ ╚
2024-09-16 13:26:45,009 DEBUG    urllib3.connectionpool Starting new HTTPS connection (1): dl.google.com:443
2024-09-16 13:26:45,174 DEBUG    urllib3.connectionpool https://dl.google.com:443 "GET /dl/cloudsdk/channels/rapid/components/google-cloud-sdk-alpha-20240906153039.tar.gz HTTP/1.1" 200 800
2024-09-16 13:26:45,175 INFO     ___FILE_ONLY___ ════════════════════════════════════════════════════════════
2024-09-16 13:26:45,175 INFO     ___FILE_ONLY___ ╝

2024-09-16 13:26:45,178 INFO     ___FILE_ONLY___ ╔════════════════════════════════════════════════════════════╗

2024-09-16 13:26:45,178 INFO     ___FILE_ONLY___ ╠═ Downloading: gcloud Beta Commands                        ═╣

2024-09-16 13:26:45,178 INFO     ___FILE_ONLY___ ╚
2024-09-16 13:26:45,182 DEBUG    urllib3.connectionpool Starting new HTTPS connection (1): dl.google.com:443
2024-09-16 13:26:45,317 DEBUG    urllib3.connectionpool https://dl.google.com:443 "GET /dl/cloudsdk/channels/rapid/components/google-cloud-sdk-beta-20240906153039.tar.gz HTTP/1.1" 200 797
2024-09-16 13:26:45,318 INFO     ___FILE_ONLY___ ════════════════════════════════════════════════════════════
2024-09-16 13:26:45,318 INFO     ___FILE_ONLY___ ╝

2024-09-16 13:26:45,320 INFO     ___FILE_ONLY___ ╔════════════════════════════════════════════════════════════╗

2024-09-16 13:26:45,320 INFO     ___FILE_ONLY___ ╠═ Installing: gcloud Alpha Commands                        ═╣

2024-09-16 13:26:45,320 INFO     ___FILE_ONLY___ ╚
2024-09-16 13:26:45,322 INFO     ___FILE_ONLY___ ════════════════════════════════════════════════════════════
2024-09-16 13:26:45,322 INFO     ___FILE_ONLY___ ╝

2024-09-16 13:26:45,332 INFO     ___FILE_ONLY___ ╔════════════════════════════════════════════════════════════╗

2024-09-16 13:26:45,332 INFO     ___FILE_ONLY___ ╠═ Installing: gcloud Beta Commands                         ═╣

2024-09-16 13:26:45,332 INFO     ___FILE_ONLY___ ╚
2024-09-16 13:26:45,333 INFO     ___FILE_ONLY___ ════════════════════════════════════════════════════════════
2024-09-16 13:26:45,333 INFO     ___FILE_ONLY___ ╝

2024-09-16 13:26:45,344 DEBUG    root            Updating notification cache...
2024-09-16 13:26:45,344 INFO     ___FILE_ONLY___ 

2024-09-16 13:26:45,347 INFO     ___FILE_ONLY___ Performing post processing steps...
2024-09-16 13:26:45,347 DEBUG    root            Executing command: ['/tools/google-cloud-sdk/bin/gcloud', 'components', 'post-process']
2024-09-16 13:26:58,276 DEBUG    ___FILE_ONLY___ 
2024-09-16 13:26:58,276 DEBUG    ___FILE_ONLY___ 
2024-09-16 13:26:58,382 INFO     ___FILE_ONLY___ 
Update done!


2024-09-16 13:26:58,386 DEBUG    root            Chosen display Format:none
2024-09-16 13:26:58,387 INFO     root            Display format: "none"
